Arguments: 
  /usr/bin/node /home/pi/.yarn/bin/yarn.js

PATH: 
  /home/pi/.yarn/bin:/home/pi/.config/yarn/global/node_modules/.bin:/usr/local/sbin:/usr/local/bin:/usr/sbin:/usr/bin:/sbin:/bin:/usr/local/games:/usr/games

Yarn version: 
  1.17.3

Node version: 
  9.11.2

Platform: 
  linux arm

Trace: 
  Error: getaddrinfo EAI_AGAIN registry.yarnpkg.com:443
      at GetAddrInfoReqWrap.onlookup [as oncomplete] (dns.js:67:26)

npm manifest: 
  {
    "dependencies": {
      "express": "^4.17.1",
      "pigpio": "^2.0.0",
      "socket.io": "^2.2.0",
      "node-schedule": "latest"
    }
  }

yarn manifest: 
  No manifest

Lockfile: 
  No lockfile
